<?xml version="1.0" encoding="UTF-8"?>
<testsuite xmlns:xsi="http://www.w3.org/2001/XMLSchema-instance" xsi:noNamespaceSchemaLocation="https://maven.apache.org/surefire/maven-surefire-plugin/xsd/surefire-test-report-3.0.xsd" version="3.0" name="fr.istic.vv.DateTest" time="0.225" tests="31" errors="0" skipped="0" failures="0">
  <properties>
    <property name="java.specification.version" value="17"/>
    <property name="sun.cpu.isalist" value="amd64"/>
    <property name="sun.jnu.encoding" value="Cp1252"/>
    <property name="java.class.path" value="C:\Users\paull\Documents\Master2\VV\tp3\VV-ISTIC-TP3\code\tp3-date\target\test-classes;C:\Users\paull\Documents\Master2\VV\tp3\VV-ISTIC-TP3\code\tp3-date\target\classes;C:\Users\paull\.m2\repository\org\junit\jupiter\junit-jupiter\5.6.2\junit-jupiter-5.6.2.jar;C:\Users\paull\.m2\repository\org\junit\jupiter\junit-jupiter-api\5.6.2\junit-jupiter-api-5.6.2.jar;C:\Users\paull\.m2\repository\org\apiguardian\apiguardian-api\1.1.0\apiguardian-api-1.1.0.jar;C:\Users\paull\.m2\repository\org\opentest4j\opentest4j\1.2.0\opentest4j-1.2.0.jar;C:\Users\paull\.m2\repository\org\junit\platform\junit-platform-commons\1.6.2\junit-platform-commons-1.6.2.jar;C:\Users\paull\.m2\repository\org\junit\jupiter\junit-jupiter-params\5.6.2\junit-jupiter-params-5.6.2.jar;C:\Users\paull\.m2\repository\org\junit\jupiter\junit-jupiter-engine\5.6.2\junit-jupiter-engine-5.6.2.jar;C:\Users\paull\.m2\repository\org\junit\platform\junit-platform-engine\1.6.2\junit-platform-engine-1.6.2.jar;"/>
    <property name="java.vm.vendor" value="Oracle Corporation"/>
    <property name="sun.arch.data.model" value="64"/>
    <property name="user.variant" value=""/>
    <property name="java.vendor.url" value="https://java.oracle.com/"/>
    <property name="user.timezone" value="Europe/Paris"/>
    <property name="os.name" value="Windows 10"/>
    <property name="java.vm.specification.version" value="17"/>
    <property name="user.country" value="FR"/>
    <property name="sun.java.launcher" value="SUN_STANDARD"/>
    <property name="sun.boot.library.path" value="C:\Program Files\Java\jdk-17\bin"/>
    <property name="sun.java.command" value="C:\Users\paull\AppData\Local\Temp\surefire16089977298387757936\surefirebooter2095221080272018587.jar C:\Users\paull\AppData\Local\Temp\surefire16089977298387757936 2024-12-19T20-21-43_122-jvmRun1 surefire16888878883532859692tmp surefire_03504477690076048631tmp"/>
    <property name="jdk.debug" value="release"/>
    <property name="test" value="fr.istic.vv.DateTest"/>
    <property name="surefire.test.class.path" value="C:\Users\paull\Documents\Master2\VV\tp3\VV-ISTIC-TP3\code\tp3-date\target\test-classes;C:\Users\paull\Documents\Master2\VV\tp3\VV-ISTIC-TP3\code\tp3-date\target\classes;C:\Users\paull\.m2\repository\org\junit\jupiter\junit-jupiter\5.6.2\junit-jupiter-5.6.2.jar;C:\Users\paull\.m2\repository\org\junit\jupiter\junit-jupiter-api\5.6.2\junit-jupiter-api-5.6.2.jar;C:\Users\paull\.m2\repository\org\apiguardian\apiguardian-api\1.1.0\apiguardian-api-1.1.0.jar;C:\Users\paull\.m2\repository\org\opentest4j\opentest4j\1.2.0\opentest4j-1.2.0.jar;C:\Users\paull\.m2\repository\org\junit\platform\junit-platform-commons\1.6.2\junit-platform-commons-1.6.2.jar;C:\Users\paull\.m2\repository\org\junit\jupiter\junit-jupiter-params\5.6.2\junit-jupiter-params-5.6.2.jar;C:\Users\paull\.m2\repository\org\junit\jupiter\junit-jupiter-engine\5.6.2\junit-jupiter-engine-5.6.2.jar;C:\Users\paull\.m2\repository\org\junit\platform\junit-platform-engine\1.6.2\junit-platform-engine-1.6.2.jar;"/>
    <property name="sun.cpu.endian" value="little"/>
    <property name="user.home" value="C:\Users\paull"/>
    <property name="user.language" value="fr"/>
    <property name="java.specification.vendor" value="Oracle Corporation"/>
    <property name="java.version.date" value="2023-10-17"/>
    <property name="java.home" value="C:\Program Files\Java\jdk-17"/>
    <property name="file.separator" value="\"/>
    <property name="basedir" value="C:\Users\paull\Documents\Master2\VV\tp3\VV-ISTIC-TP3\code\tp3-date"/>
    <property name="java.vm.compressedOopsMode" value="32-bit"/>
    <property name="line.separator" value="&#10;"/>
    <property name="java.vm.specification.vendor" value="Oracle Corporation"/>
    <property name="java.specification.name" value="Java Platform API Specification"/>
    <property name="surefire.real.class.path" value="C:\Users\paull\AppData\Local\Temp\surefire16089977298387757936\surefirebooter2095221080272018587.jar"/>
    <property name="user.script" value=""/>
    <property name="sun.management.compiler" value="HotSpot 64-Bit Tiered Compilers"/>
    <property name="java.runtime.version" value="17.0.9+11-LTS-201"/>
    <property name="user.name" value="paull"/>
    <property name="path.separator" value=";"/>
    <property name="os.version" value="10.0"/>
    <property name="java.runtime.name" value="Java(TM) SE Runtime Environment"/>
    <property name="file.encoding" value="Cp1252"/>
    <property name="java.vm.name" value="Java HotSpot(TM) 64-Bit Server VM"/>
    <property name="maven.ext.class.path" value="C:\Users\paull\.vscode\extensions\oracle.oracle-java-23.0.1\nbcode\java\maven-nblib\netbeans-eventspy.jar"/>
    <property name="localRepository" value="C:\Users\paull\.m2\repository"/>
    <property name="java.vendor.url.bug" value="https://bugreport.java.com/bugreport/"/>
    <property name="java.io.tmpdir" value="C:\Users\paull\AppData\Local\Temp\"/>
    <property name="java.version" value="17.0.9"/>
    <property name="user.dir" value="C:\Users\paull\Documents\Master2\VV\tp3\VV-ISTIC-TP3\code\tp3-date"/>
    <property name="os.arch" value="amd64"/>
    <property name="java.vm.specification.name" value="Java Virtual Machine Specification"/>
    <property name="sun.os.patch.level" value=""/>
    <property name="native.encoding" value="Cp1252"/>
    <property name="java.library.path" value="C:\Program Files\Java\jdk-17\bin;C:\WINDOWS\Sun\Java\bin;C:\WINDOWS\system32;C:\WINDOWS;C:\Python312\Scripts\;C:\Python312\;C:\Program Files\Common Files\Oracle\Java\javapath;C:\WINDOWS\system32;C:\WINDOWS;C:\WINDOWS\System32\Wbem;C:\WINDOWS\System32\WindowsPowerShell\v1.0\;C:\WINDOWS\System32\OpenSSH\;C:\Program Files\Git\cmd;C:\Program Files\PuTTY\;C:\xampp\php;C:\ProgramData\ComposerSetup\bin;C:\Users\paull\AppData\Roaming\nvm;C:\Program Files\nodejs;C:\Program Files\nodejs\;C:\ProgramData\chocolatey\bin;C:\Program Files (x86)\Windows Kits\10\Windows Performance Toolkit\;C:\Users\paull\Downloads\stripe_1.19.2_windows_x86_64;C:\Users\paull\AppData\Local\Android\Sdk;C:\Users\paull\AppData\Local\Android\Sdk\platform-tools;C:\Users\paull\Documents\Master2\VV\pmd-bin-7.7.0\bin;C:\Program Files (x86)\Google\Cloud SDK\google-cloud-sdk\bin;C:\Users\paull\AppData\Local\pnpm;C:\Users\paull\AppData\Local\Microsoft\WindowsApps;C:\Users\paull\AppData\Local\Programs\Microsoft VS Code\bin;C:\Program Files\JetBrains\IntelliJ IDEA 2023.2.1\bin;C:\Users\paull\AppData\Roaming\Composer\vendor\bin;C:\Users\paull\AppData\Roaming\nvm;C:\Program Files\nodejs;C:\Program Files (x86)\Nmap;C:\Users\paull\AppData\Roaming\npm;C:\Users\paull\.utils\llvm-mingw\bin;C:\Users\paull\Downloads\stripe.exe;C:\Users\paull\Documents\apache-maven-3.9.9\bin;;."/>
    <property name="java.vm.info" value="mixed mode, sharing"/>
    <property name="java.vendor" value="Oracle Corporation"/>
    <property name="java.vm.version" value="17.0.9+11-LTS-201"/>
    <property name="sun.io.unicode.encoding" value="UnicodeLittle"/>
    <property name="java.class.version" value="61.0"/>
  </properties>
  <testcase name="testMois30Jours" classname="fr.istic.vv.DateTest" time="0.066"/>
  <testcase name="testMois31Jours" classname="fr.istic.vv.DateTest" time="0.005"/>
  <testcase name="testDateNull" classname="fr.istic.vv.DateTest" time="0.006"/>
  <testcase name="testMoisJanvier" classname="fr.istic.vv.DateTest" time="0.002"/>
  <testcase name="testAnneeDivisiblePar100NonPar400" classname="fr.istic.vv.DateTest" time="0.002"/>
  <testcase name="testAnnee4NonDivisiblePar100" classname="fr.istic.vv.DateTest" time="0.003"/>
  <testcase name="testMoisTropGrand" classname="fr.istic.vv.DateTest" time="0.002"/>
  <testcase name="testJourPremier" classname="fr.istic.vv.DateTest" time="0.005"/>
  <testcase name="testAnneeDivisiblePar400" classname="fr.istic.vv.DateTest" time="0.001"/>
  <testcase name="testMoisFevrier" classname="fr.istic.vv.DateTest" time="0.001"/>
  <testcase name="testJourMilieu" classname="fr.istic.vv.DateTest" time="0.002"/>
  <testcase name="testMilieuMois" classname="fr.istic.vv.DateTest" time="0.003"/>
  <testcase name="testPremierMois" classname="fr.istic.vv.DateTest" time="0.002"/>
  <testcase name="testMoisIntermediaire" classname="fr.istic.vv.DateTest" time="0.002"/>
  <testcase name="testDernierJourMois" classname="fr.istic.vv.DateTest" time="0.001"/>
  <testcase name="testJourTropGrand" classname="fr.istic.vv.DateTest" time="0.002"/>
  <testcase name="testJourFevrier28" classname="fr.istic.vv.DateTest" time="0.001"/>
  <testcase name="testDateApres" classname="fr.istic.vv.DateTest" time="0.003"/>
  <testcase name="testDateAvant" classname="fr.istic.vv.DateTest" time="0.001"/>
  <testcase name="testDateEgale" classname="fr.istic.vv.DateTest" time="0.001"/>
  <testcase name="testAnneeInvalide" classname="fr.istic.vv.DateTest" time="0.002"/>
  <testcase name="testAnneeNonBissextile" classname="fr.istic.vv.DateTest" time="0.002"/>
  <testcase name="testAnneeBissextile" classname="fr.istic.vv.DateTest" time="0.005"/>
  <testcase name="testJourNegatif" classname="fr.istic.vv.DateTest" time="0.002"/>
  <testcase name="testJour30" classname="fr.istic.vv.DateTest" time="0.001"/>
  <testcase name="testJour31" classname="fr.istic.vv.DateTest" time="0.002"/>
  <testcase name="testJourFevrierBissextile" classname="fr.istic.vv.DateTest" time="0.002"/>
  <testcase name="testAnneeNonDivisiblePar4" classname="fr.istic.vv.DateTest" time="0.005"/>
  <testcase name="testDernierMois" classname="fr.istic.vv.DateTest" time="0.002"/>
  <testcase name="testMoisNegatif" classname="fr.istic.vv.DateTest" time="0.003"/>
  <testcase name="testPremierJourMois" classname="fr.istic.vv.DateTest" time="0.003"/>
</testsuite>